INFO	2022-02-10 16:12:00,856	[request_handler.py:17]	method: POST
INFO	2022-02-10 16:12:00,857	[request_handler.py:18]	url: https://uat-piblicgateway.jingrizf.com/oauth/auth/account/password
INFO	2022-02-10 16:12:00,857	[request_handler.py:19]	headers: {'Content-Type': 'application/json', 'Connection': 'close'}
INFO	2022-02-10 16:12:00,857	[request_handler.py:21]	json: {'account': '127csxf5', 'password': 'nAzGaOtQW1yy9dVY2LooCoAQsjJM1VjN', 's': 1642661492971, 'scope': 6}
INFO	2022-02-10 16:12:01,352	[request_handler.py:40]	response: {'code': 0, 'reqId': '3f1da4418fe8f0d4', 'data': {'code': 'iPuPfK7x', 'expireTime': 1644481021321, 'apps': [{'landUrl': 'https://uat-xf-web.jingrizf.com/home', 'callback': 'https://xfuat-gateway.jingrizf.com/oauth/auth/precode', 'platform': '5001', 'name': '京日新房web端', 'remark': '京日新房web端', 'supportRegion': 0, 'openStatus': 0, 'loginLogic': 1, 'pushPrefix': None}], 'regions': [{'code': '320500', 'abbreviated': 'sz', 'cityName': '苏州'}], 'role': None, 'extras': None}, 'timestamp': 1644480721336, 'errorMsg': None}
INFO	2022-02-10 16:12:01,353	[request_handler.py:17]	method: POST
INFO	2022-02-10 16:12:01,354	[request_handler.py:18]	url: https://xfuat-gateway.jingrizf.com/oauth/auth/precode
INFO	2022-02-10 16:12:01,354	[request_handler.py:19]	headers: {'Content-Type': 'application/json', 'Connection': 'close'}
INFO	2022-02-10 16:12:01,354	[request_handler.py:21]	json: {'preCode': 'iPuPfK7x', 'platform': '5001', 'region': 'sz', 'role': None}
INFO	2022-02-10 16:12:01,807	[request_handler.py:40]	response: {'code': 0, 'reqId': 'd844745dbb40c248', 'data': {'token': 'eyJ0eXAiOiJKV1QiLCJhbGciOiJIUzI1NiJ9.eyJzdWIiOiIzMjNENzc0RC1CQjcyLTQ2OTEtOUM1RS0yOEQ3QUIwRUEzMzUiLCJyb2xlIjoiQTAwMSIsInRlc3QiOiJ0cnVlIiwic2NvcGUiOiJCIiwiaXNzIjoiamluZ3JpemYiLCJuYW1lIjoicGlwaTUiLCJyZWdpb24iOiJzeiIsInRzIjoiMTY0NDQ4MDcyMTc1OCJ9.aOHipBPj1Mkc5Bc84xRQG9lVfFi11IX9RcFa1dQexig', 'refreshToken': 'eyJ0eXAiOiJKV1QiLCJhbGciOiJIUzI1NiJ9.eyJzdWIiOiIzMjNENzc0RC1CQjcyLTQ2OTEtOUM1RS0yOEQ3QUIwRUEzMzUiLCJpc3MiOiJqaW5ncml6ZiJ9.3QJWnRBu32EOLIkONffkft3kiDhPdHCD0dW-05vbBtI', 'userId': '323D774D-BB72-4691-9C5E-28D7AB0EA335', 'role': 'A001', 'name': 'pipi5', 'region': 'sz', 'programPlatform': '5001', 'programInfo': {'landUrl': 'https://uat-xf-web.jingrizf.com/home', 'callback': 'https://xfuat-gateway.jingrizf.com/oauth/auth/precode', 'platform': '5001', 'name': '京日新房web端', 'supportRegion': 0, 'openStatus': 0, 'loginLogic': 1, 'pushPrefix': None}, 'cellPhone': None, 'programScope': ['5001', '5002', '5004'], 'regionScope': ['sz'], 'details': {'id': '323d774d-bb72-4691-9c5e-28d7ab0ea335', 'itCode': '127csxf5', 'userCode': '1010000177', 'email': None, 'name': 'pipi5', 'cellPhone': '18306189435111', 'photoId': '2EEEEE9F-3127-4685-A1CC-A0BE3D7138C6', 'groupId': None, 'groupName': None, 'storeId': None, 'storeName': None, 'companyId': None, 'region': None, 'regionCode': None, 'regionName': None, 'level': 'O', 'onePhotoId': None, 'onePhotoUrl': 'https://static.jingrizf.com/new/file/1632565754757.jpg', 'photoUrl': 'https://static.jingrizf.com/new/file/1632565750056.jpg'}, 'authorities': [], 'principal': '323D774D-BB72-4691-9C5E-28D7AB0EA335', 'test': True, 'authenticated': True}, 'timestamp': 1644480721778, 'errorMsg': None}
INFO	2022-02-10 16:12:01,807	[request_handler.py:17]	method: POST
INFO	2022-02-10 16:12:01,807	[request_handler.py:18]	url: https://xfuat-gateway.jingrizf.com/system/static/upload/file
INFO	2022-02-10 16:12:01,807	[request_handler.py:19]	headers: {'Authorization': 'Bearer eyJ0eXAiOiJKV1QiLCJhbGciOiJIUzI1NiJ9.eyJzdWIiOiIzMjNENzc0RC1CQjcyLTQ2OTEtOUM1RS0yOEQ3QUIwRUEzMzUiLCJyb2xlIjoiQTAwMSIsInRlc3QiOiJ0cnVlIiwic2NvcGUiOiJCIiwiaXNzIjoiamluZ3JpemYiLCJuYW1lIjoicGlwaTUiLCJyZWdpb24iOiJzeiIsInRzIjoiMTY0NDQ4MDcyMTc1OCJ9.aOHipBPj1Mkc5Bc84xRQG9lVfFi11IX9RcFa1dQexig'}
INFO	2022-02-10 16:12:02,158	[request_handler.py:40]	response: {'code': 0, 'reqId': '7fdf4fd0c8d9ab34', 'data': {'id': '4e0125ec-b8de-40f6-a55d-68f0fa538033', 'createTime': '2022-02-10 16:12:02', 'createBy': 'pipi5', 'updateTime': '2022-02-10 16:12:02', 'updateBy': 'pipi5', 'fileName': '1644480722359.jpg', 'fileExt': '.jpg', 'path': 'https://static.jingrizf.com/new/file/1644480722359.jpg', 'length': 79100, 'uploadTime': '2022-02-10 16:12:02', 'isTemprory': True, 'httpPath': 'https://static.jingrizf.com/new/file/1644480722359.jpg', 'saveFileMode': 0, 'groupName': None, 'fileData': None}, 'timestamp': 1644480722143, 'errorMsg': None}
INFO	2022-02-10 16:12:02,159	[request_handler.py:17]	method: POST
INFO	2022-02-10 16:12:02,159	[request_handler.py:18]	url: https://xfuat-gateway.jingrizf.com/webapi/house/new/list
INFO	2022-02-10 16:12:02,159	[request_handler.py:19]	headers: {'Content-Type': 'application/json', 'Connection': 'keep_alive', 'Authorization': 'Bearer eyJ0eXAiOiJKV1QiLCJhbGciOiJIUzI1NiJ9.eyJzdWIiOiIzMjNENzc0RC1CQjcyLTQ2OTEtOUM1RS0yOEQ3QUIwRUEzMzUiLCJyb2xlIjoiQTAwMSIsInRlc3QiOiJ0cnVlIiwic2NvcGUiOiJCIiwiaXNzIjoiamluZ3JpemYiLCJuYW1lIjoicGlwaTUiLCJyZWdpb24iOiJzeiIsInRzIjoiMTY0NDQ4MDcyMTc1OCJ9.aOHipBPj1Mkc5Bc84xRQG9lVfFi11IX9RcFa1dQexig'}
INFO	2022-02-10 16:12:02,159	[request_handler.py:21]	json: {'regionOrName': '露露新房01', 'price_S': None, 'price_E': None, 'status': None, 'room': None, 'houseKeeperType': None, 'countryAreaId': None, 'tradeAreaId': None, 'tag': None, 'orderBy': [], 'page': 1, 'size': 20, 'isShowOutSide': True}
INFO	2022-02-10 16:12:02,627	[request_handler.py:40]	response: {'code': 0, 'reqId': 'b4f86caff2628a26', 'data': {'page': 1, 'pageSize': 20, 'totalRecords': 1, 'totalPages': 1, 'data': [{'newHouseId': '5ee8c236-5c07-4708-9437-225c891e9b5f', 'newHouseName': '露露新房01', 'tag': None, 'houseKeeperType': 1, 'newHouseAddress': '测试楼盘地址', 'saleAddress': '测试售楼处地址', 'salePrice': None, 'createTime': '2022-01-22', 'rooms': None, 'areaStart': None, 'areaEnd': None, 'updateTime': '2022-01-22', 'isVR': None, 'createId': '323d774d-bb72-4691-9c5e-28d7ab0ea335', 'isOperation': False, 'attentionType': None, 'contractAuditStatus': None, 'contractAuditRemark': None, 'operatingTags': None, 'cooperativeCompanyName': None}]}, 'timestamp': 1644480722458, 'errorMsg': None}
INFO	2022-02-10 16:12:02,628	[request_handler.py:17]	method: POST
INFO	2022-02-10 16:12:02,629	[request_handler.py:18]	url: https://xfuat-gateway.jingrizf.com/webapi/custom/report/save
INFO	2022-02-10 16:12:02,629	[request_handler.py:19]	headers: {'Content-Type': 'application/json', 'Connection': 'keep_alive', 'Authorization': 'Bearer eyJ0eXAiOiJKV1QiLCJhbGciOiJIUzI1NiJ9.eyJzdWIiOiIzMjNENzc0RC1CQjcyLTQ2OTEtOUM1RS0yOEQ3QUIwRUEzMzUiLCJyb2xlIjoiQTAwMSIsInRlc3QiOiJ0cnVlIiwic2NvcGUiOiJCIiwiaXNzIjoiamluZ3JpemYiLCJuYW1lIjoicGlwaTUiLCJyZWdpb24iOiJzeiIsInRzIjoiMTY0NDQ4MDcyMTc1OCJ9.aOHipBPj1Mkc5Bc84xRQG9lVfFi11IX9RcFa1dQexig'}
INFO	2022-02-10 16:12:02,629	[request_handler.py:21]	json: {'newHouseIdList': ['5ee8c236-5c07-4708-9437-225c891e9b5f'], 'customId': '2d217ac7-4003-47c7-9eed-163aca110aca', 'expectArriveTime': '2022-02-10 13:29', 'remark': '11111'}
INFO	2022-02-10 16:12:02,933	[request_handler.py:40]	response: {'code': -1, 'reqId': '952f86161ff434cc', 'data': None, 'timestamp': 1644480722914, 'errorMsg': '已存在有效的报备单，请直接进行带看；重复楼盘为【露露新房01】'}
INFO	2022-02-10 16:14:42,650	[request_handler.py:17]	method: POST
INFO	2022-02-10 16:14:42,651	[request_handler.py:18]	url: https://uat-piblicgateway.jingrizf.com/oauth/auth/account/password
INFO	2022-02-10 16:14:42,651	[request_handler.py:19]	headers: {'Content-Type': 'application/json', 'Connection': 'close'}
INFO	2022-02-10 16:14:42,651	[request_handler.py:21]	json: {'account': '127csxf5', 'password': 'nAzGaOtQW1yy9dVY2LooCoAQsjJM1VjN', 's': 1642661492971, 'scope': 6}
INFO	2022-02-10 16:14:42,916	[request_handler.py:40]	response: {'code': 0, 'reqId': '0978584d9a482b7b', 'data': {'code': 'nwAMMof3', 'expireTime': 1644481182887, 'apps': [{'landUrl': 'https://uat-xf-web.jingrizf.com/home', 'callback': 'https://xfuat-gateway.jingrizf.com/oauth/auth/precode', 'platform': '5001', 'name': '京日新房web端', 'remark': '京日新房web端', 'supportRegion': 0, 'openStatus': 0, 'loginLogic': 1, 'pushPrefix': None}], 'regions': [{'code': '320500', 'abbreviated': 'sz', 'cityName': '苏州'}], 'role': None, 'extras': None}, 'timestamp': 1644480882902, 'errorMsg': None}
INFO	2022-02-10 16:14:42,917	[request_handler.py:17]	method: POST
INFO	2022-02-10 16:14:42,917	[request_handler.py:18]	url: https://xfuat-gateway.jingrizf.com/oauth/auth/precode
INFO	2022-02-10 16:14:42,917	[request_handler.py:19]	headers: {'Content-Type': 'application/json', 'Connection': 'close'}
INFO	2022-02-10 16:14:42,917	[request_handler.py:21]	json: {'preCode': 'nwAMMof3', 'platform': '5001', 'region': 'sz', 'role': None}
INFO	2022-02-10 16:14:43,195	[request_handler.py:40]	response: {'code': 0, 'reqId': 'c25aacbce7fa0127', 'data': {'token': 'eyJ0eXAiOiJKV1QiLCJhbGciOiJIUzI1NiJ9.eyJzdWIiOiIzMjNENzc0RC1CQjcyLTQ2OTEtOUM1RS0yOEQ3QUIwRUEzMzUiLCJyb2xlIjoiQTAwMSIsInRlc3QiOiJ0cnVlIiwic2NvcGUiOiJCIiwiaXNzIjoiamluZ3JpemYiLCJuYW1lIjoicGlwaTUiLCJyZWdpb24iOiJzeiIsInRzIjoiMTY0NDQ4MDg4MzE0OSJ9.isoj166vjUQ2oyJdRgJNvjXMR-81eBUoVSuSN_-CxXk', 'refreshToken': 'eyJ0eXAiOiJKV1QiLCJhbGciOiJIUzI1NiJ9.eyJzdWIiOiIzMjNENzc0RC1CQjcyLTQ2OTEtOUM1RS0yOEQ3QUIwRUEzMzUiLCJpc3MiOiJqaW5ncml6ZiJ9.3QJWnRBu32EOLIkONffkft3kiDhPdHCD0dW-05vbBtI', 'userId': '323D774D-BB72-4691-9C5E-28D7AB0EA335', 'role': 'A001', 'name': 'pipi5', 'region': 'sz', 'programPlatform': '5001', 'programInfo': {'landUrl': 'https://uat-xf-web.jingrizf.com/home', 'callback': 'https://xfuat-gateway.jingrizf.com/oauth/auth/precode', 'platform': '5001', 'name': '京日新房web端', 'supportRegion': 0, 'openStatus': 0, 'loginLogic': 1, 'pushPrefix': None}, 'cellPhone': None, 'programScope': ['5001', '5002', '5004'], 'regionScope': ['sz'], 'details': {'id': '323d774d-bb72-4691-9c5e-28d7ab0ea335', 'itCode': '127csxf5', 'userCode': '1010000177', 'email': None, 'name': 'pipi5', 'cellPhone': '18306189435111', 'photoId': '2EEEEE9F-3127-4685-A1CC-A0BE3D7138C6', 'groupId': None, 'groupName': None, 'storeId': None, 'storeName': None, 'companyId': None, 'region': None, 'regionCode': None, 'regionName': None, 'level': 'O', 'onePhotoId': None, 'onePhotoUrl': 'https://static.jingrizf.com/new/file/1632565754757.jpg', 'photoUrl': 'https://static.jingrizf.com/new/file/1632565750056.jpg'}, 'authorities': [], 'principal': '323D774D-BB72-4691-9C5E-28D7AB0EA335', 'test': True, 'authenticated': True}, 'timestamp': 1644480883166, 'errorMsg': None}
INFO	2022-02-10 16:14:43,196	[request_handler.py:17]	method: POST
INFO	2022-02-10 16:14:43,196	[request_handler.py:18]	url: https://xfuat-gateway.jingrizf.com/system/static/upload/file
INFO	2022-02-10 16:14:43,196	[request_handler.py:19]	headers: {'Authorization': 'Bearer eyJ0eXAiOiJKV1QiLCJhbGciOiJIUzI1NiJ9.eyJzdWIiOiIzMjNENzc0RC1CQjcyLTQ2OTEtOUM1RS0yOEQ3QUIwRUEzMzUiLCJyb2xlIjoiQTAwMSIsInRlc3QiOiJ0cnVlIiwic2NvcGUiOiJCIiwiaXNzIjoiamluZ3JpemYiLCJuYW1lIjoicGlwaTUiLCJyZWdpb24iOiJzeiIsInRzIjoiMTY0NDQ4MDg4MzE0OSJ9.isoj166vjUQ2oyJdRgJNvjXMR-81eBUoVSuSN_-CxXk'}
INFO	2022-02-10 16:14:43,577	[request_handler.py:40]	response: {'code': 0, 'reqId': '6065372b954a00e1', 'data': {'id': '7275c525-ffd2-4244-a264-231a1ec089d1', 'createTime': '2022-02-10 16:14:43', 'createBy': 'pipi5', 'updateTime': '2022-02-10 16:14:43', 'updateBy': 'pipi5', 'fileName': '1644480883548.jpg', 'fileExt': '.jpg', 'path': 'https://static.jingrizf.com/new/file/1644480883548.jpg', 'length': 79100, 'uploadTime': '2022-02-10 16:14:43', 'isTemprory': True, 'httpPath': 'https://static.jingrizf.com/new/file/1644480883548.jpg', 'saveFileMode': 0, 'groupName': None, 'fileData': None}, 'timestamp': 1644480883561, 'errorMsg': None}
INFO	2022-02-10 16:14:43,577	[request_handler.py:17]	method: POST
INFO	2022-02-10 16:14:43,577	[request_handler.py:18]	url: https://xfuat-gateway.jingrizf.com/webapi/house/new/list
INFO	2022-02-10 16:14:43,577	[request_handler.py:19]	headers: {'Content-Type': 'application/json', 'Connection': 'keep_alive', 'Authorization': 'Bearer eyJ0eXAiOiJKV1QiLCJhbGciOiJIUzI1NiJ9.eyJzdWIiOiIzMjNENzc0RC1CQjcyLTQ2OTEtOUM1RS0yOEQ3QUIwRUEzMzUiLCJyb2xlIjoiQTAwMSIsInRlc3QiOiJ0cnVlIiwic2NvcGUiOiJCIiwiaXNzIjoiamluZ3JpemYiLCJuYW1lIjoicGlwaTUiLCJyZWdpb24iOiJzeiIsInRzIjoiMTY0NDQ4MDg4MzE0OSJ9.isoj166vjUQ2oyJdRgJNvjXMR-81eBUoVSuSN_-CxXk'}
INFO	2022-02-10 16:14:43,577	[request_handler.py:21]	json: {'regionOrName': '露露新房01', 'price_S': None, 'price_E': None, 'status': None, 'room': None, 'houseKeeperType': None, 'countryAreaId': None, 'tradeAreaId': None, 'tag': None, 'orderBy': [], 'page': 1, 'size': 20, 'isShowOutSide': True}
INFO	2022-02-10 16:14:43,835	[request_handler.py:40]	response: {'code': 0, 'reqId': '911f04cdfb4a3473', 'data': {'page': 1, 'pageSize': 20, 'totalRecords': 1, 'totalPages': 1, 'data': [{'newHouseId': '5ee8c236-5c07-4708-9437-225c891e9b5f', 'newHouseName': '露露新房01', 'tag': None, 'houseKeeperType': 1, 'newHouseAddress': '测试楼盘地址', 'saleAddress': '测试售楼处地址', 'salePrice': None, 'createTime': '2022-01-22', 'rooms': None, 'areaStart': None, 'areaEnd': None, 'updateTime': '2022-01-22', 'isVR': None, 'createId': '323d774d-bb72-4691-9c5e-28d7ab0ea335', 'isOperation': False, 'attentionType': None, 'contractAuditStatus': None, 'contractAuditRemark': None, 'operatingTags': None, 'cooperativeCompanyName': None}]}, 'timestamp': 1644480883821, 'errorMsg': None}
INFO	2022-02-10 16:14:43,835	[request_handler.py:17]	method: POST
INFO	2022-02-10 16:14:43,835	[request_handler.py:18]	url: https://xfuat-gateway.jingrizf.com/webapi/custom/report/save
INFO	2022-02-10 16:14:43,835	[request_handler.py:19]	headers: {'Content-Type': 'application/json', 'Connection': 'keep_alive', 'Authorization': 'Bearer eyJ0eXAiOiJKV1QiLCJhbGciOiJIUzI1NiJ9.eyJzdWIiOiIzMjNENzc0RC1CQjcyLTQ2OTEtOUM1RS0yOEQ3QUIwRUEzMzUiLCJyb2xlIjoiQTAwMSIsInRlc3QiOiJ0cnVlIiwic2NvcGUiOiJCIiwiaXNzIjoiamluZ3JpemYiLCJuYW1lIjoicGlwaTUiLCJyZWdpb24iOiJzeiIsInRzIjoiMTY0NDQ4MDg4MzE0OSJ9.isoj166vjUQ2oyJdRgJNvjXMR-81eBUoVSuSN_-CxXk'}
INFO	2022-02-10 16:14:43,835	[request_handler.py:21]	json: {'newHouseIdList': ['5ee8c236-5c07-4708-9437-225c891e9b5f'], 'customId': '2d217ac7-4003-47c7-9eed-163aca110aca', 'expectArriveTime': '2022-02-10 13:29', 'remark': '11111'}
INFO	2022-02-10 16:14:44,216	[request_handler.py:40]	response: {'code': 0, 'reqId': 'ed2966eed207f42b', 'data': '保存成功', 'timestamp': 1644480884165, 'errorMsg': None}
INFO	2022-02-10 16:14:44,217	[request_handler.py:17]	method: POST
INFO	2022-02-10 16:14:44,217	[request_handler.py:18]	url: https://xfuat-gateway.jingrizf.com/webapi/custom/report/pag
INFO	2022-02-10 16:14:44,217	[request_handler.py:19]	headers: {'Content-Type': 'application/json', 'Connection': 'keep_alive', 'Authorization': 'Bearer eyJ0eXAiOiJKV1QiLCJhbGciOiJIUzI1NiJ9.eyJzdWIiOiIzMjNENzc0RC1CQjcyLTQ2OTEtOUM1RS0yOEQ3QUIwRUEzMzUiLCJyb2xlIjoiQTAwMSIsInRlc3QiOiJ0cnVlIiwic2NvcGUiOiJCIiwiaXNzIjoiamluZ3JpemYiLCJuYW1lIjoicGlwaTUiLCJyZWdpb24iOiJzeiIsInRzIjoiMTY0NDQ4MDg4MzE0OSJ9.isoj166vjUQ2oyJdRgJNvjXMR-81eBUoVSuSN_-CxXk'}
INFO	2022-02-10 16:14:44,217	[request_handler.py:21]	json: {'estateName': '露露新房01', 'cooperativeCompanyId': '', 'status': '', 'createTimeStart': '', 'createTimeEnd': '', 'sortItemVOList': [], 'page': 1, 'size': 20}
INFO	2022-02-10 16:14:44,414	[request_handler.py:40]	response: {'code': 404, 'reqId': '5cffbf1c0b817357', 'data': None, 'timestamp': 1644480884402, 'errorMsg': '路径不存在，请检查路径是否正确'}
INFO	2022-02-10 16:16:47,325	[request_handler.py:17]	method: POST
INFO	2022-02-10 16:16:47,325	[request_handler.py:18]	url: https://uat-piblicgateway.jingrizf.com/oauth/auth/account/password
INFO	2022-02-10 16:16:47,326	[request_handler.py:19]	headers: {'Content-Type': 'application/json', 'Connection': 'close'}
INFO	2022-02-10 16:16:47,326	[request_handler.py:21]	json: {'account': '127csxf5', 'password': 'nAzGaOtQW1yy9dVY2LooCoAQsjJM1VjN', 's': 1642661492971, 'scope': 6}
INFO	2022-02-10 16:16:47,565	[request_handler.py:40]	response: {'code': 0, 'reqId': '7d1686d988fc7c6d', 'data': {'code': 'Ad7IUIbn', 'expireTime': 1644481307535, 'apps': [{'landUrl': 'https://uat-xf-web.jingrizf.com/home', 'callback': 'https://xfuat-gateway.jingrizf.com/oauth/auth/precode', 'platform': '5001', 'name': '京日新房web端', 'remark': '京日新房web端', 'supportRegion': 0, 'openStatus': 0, 'loginLogic': 1, 'pushPrefix': None}], 'regions': [{'code': '320500', 'abbreviated': 'sz', 'cityName': '苏州'}], 'role': None, 'extras': None}, 'timestamp': 1644481007550, 'errorMsg': None}
INFO	2022-02-10 16:16:47,566	[request_handler.py:17]	method: POST
INFO	2022-02-10 16:16:47,566	[request_handler.py:18]	url: https://xfuat-gateway.jingrizf.com/oauth/auth/precode
INFO	2022-02-10 16:16:47,567	[request_handler.py:19]	headers: {'Content-Type': 'application/json', 'Connection': 'close'}
INFO	2022-02-10 16:16:47,567	[request_handler.py:21]	json: {'preCode': 'Ad7IUIbn', 'platform': '5001', 'region': 'sz', 'role': None}
INFO	2022-02-10 16:16:47,813	[request_handler.py:40]	response: {'code': 0, 'reqId': 'd6c5c8211dd8aef7', 'data': {'token': 'eyJ0eXAiOiJKV1QiLCJhbGciOiJIUzI1NiJ9.eyJzdWIiOiIzMjNENzc0RC1CQjcyLTQ2OTEtOUM1RS0yOEQ3QUIwRUEzMzUiLCJyb2xlIjoiQTAwMSIsInRlc3QiOiJ0cnVlIiwic2NvcGUiOiJCIiwiaXNzIjoiamluZ3JpemYiLCJuYW1lIjoicGlwaTUiLCJyZWdpb24iOiJzeiIsInRzIjoiMTY0NDQ4MTAwNzc2MyJ9.PUSlulEOWe1YkcjXqCEZlNTT972T4mXarbk3sLJtkis', 'refreshToken': 'eyJ0eXAiOiJKV1QiLCJhbGciOiJIUzI1NiJ9.eyJzdWIiOiIzMjNENzc0RC1CQjcyLTQ2OTEtOUM1RS0yOEQ3QUIwRUEzMzUiLCJpc3MiOiJqaW5ncml6ZiJ9.3QJWnRBu32EOLIkONffkft3kiDhPdHCD0dW-05vbBtI', 'userId': '323D774D-BB72-4691-9C5E-28D7AB0EA335', 'role': 'A001', 'name': 'pipi5', 'region': 'sz', 'programPlatform': '5001', 'programInfo': {'landUrl': 'https://uat-xf-web.jingrizf.com/home', 'callback': 'https://xfuat-gateway.jingrizf.com/oauth/auth/precode', 'platform': '5001', 'name': '京日新房web端', 'supportRegion': 0, 'openStatus': 0, 'loginLogic': 1, 'pushPrefix': None}, 'cellPhone': None, 'programScope': ['5001', '5002', '5004'], 'regionScope': ['sz'], 'details': {'id': '323d774d-bb72-4691-9c5e-28d7ab0ea335', 'itCode': '127csxf5', 'userCode': '1010000177', 'email': None, 'name': 'pipi5', 'cellPhone': '18306189435111', 'photoId': '2EEEEE9F-3127-4685-A1CC-A0BE3D7138C6', 'groupId': None, 'groupName': None, 'storeId': None, 'storeName': None, 'companyId': None, 'region': None, 'regionCode': None, 'regionName': None, 'level': 'O', 'onePhotoId': None, 'onePhotoUrl': 'https://static.jingrizf.com/new/file/1632565754757.jpg', 'photoUrl': 'https://static.jingrizf.com/new/file/1632565750056.jpg'}, 'authorities': [], 'principal': '323D774D-BB72-4691-9C5E-28D7AB0EA335', 'test': True, 'authenticated': True}, 'timestamp': 1644481007781, 'errorMsg': None}
INFO	2022-02-10 16:16:47,814	[request_handler.py:17]	method: POST
INFO	2022-02-10 16:16:47,814	[request_handler.py:18]	url: https://xfuat-gateway.jingrizf.com/system/static/upload/file
INFO	2022-02-10 16:16:47,814	[request_handler.py:19]	headers: {'Authorization': 'Bearer eyJ0eXAiOiJKV1QiLCJhbGciOiJIUzI1NiJ9.eyJzdWIiOiIzMjNENzc0RC1CQjcyLTQ2OTEtOUM1RS0yOEQ3QUIwRUEzMzUiLCJyb2xlIjoiQTAwMSIsInRlc3QiOiJ0cnVlIiwic2NvcGUiOiJCIiwiaXNzIjoiamluZ3JpemYiLCJuYW1lIjoicGlwaTUiLCJyZWdpb24iOiJzeiIsInRzIjoiMTY0NDQ4MTAwNzc2MyJ9.PUSlulEOWe1YkcjXqCEZlNTT972T4mXarbk3sLJtkis'}
INFO	2022-02-10 16:16:48,941	[request_handler.py:40]	response: {'code': 0, 'reqId': 'cbc4f77dc1702e60', 'data': {'id': '15038863-22fe-4ff7-afbc-9e13719fe824', 'createTime': '2022-02-10 16:16:48', 'createBy': 'pipi5', 'updateTime': '2022-02-10 16:16:48', 'updateBy': 'pipi5', 'fileName': '1644481008975.jpg', 'fileExt': '.jpg', 'path': 'https://static.jingrizf.com/new/file/1644481008975.jpg', 'length': 79100, 'uploadTime': '2022-02-10 16:16:48', 'isTemprory': True, 'httpPath': 'https://static.jingrizf.com/new/file/1644481008975.jpg', 'saveFileMode': 0, 'groupName': None, 'fileData': None}, 'timestamp': 1644481008925, 'errorMsg': None}
INFO	2022-02-10 16:16:48,942	[request_handler.py:17]	method: POST
INFO	2022-02-10 16:16:48,942	[request_handler.py:18]	url: https://xfuat-gateway.jingrizf.com/webapi/house/new/list
INFO	2022-02-10 16:16:48,942	[request_handler.py:19]	headers: {'Content-Type': 'application/json', 'Connection': 'keep_alive', 'Authorization': 'Bearer eyJ0eXAiOiJKV1QiLCJhbGciOiJIUzI1NiJ9.eyJzdWIiOiIzMjNENzc0RC1CQjcyLTQ2OTEtOUM1RS0yOEQ3QUIwRUEzMzUiLCJyb2xlIjoiQTAwMSIsInRlc3QiOiJ0cnVlIiwic2NvcGUiOiJCIiwiaXNzIjoiamluZ3JpemYiLCJuYW1lIjoicGlwaTUiLCJyZWdpb24iOiJzeiIsInRzIjoiMTY0NDQ4MTAwNzc2MyJ9.PUSlulEOWe1YkcjXqCEZlNTT972T4mXarbk3sLJtkis'}
INFO	2022-02-10 16:16:48,942	[request_handler.py:21]	json: {'regionOrName': '露露新房01', 'price_S': None, 'price_E': None, 'status': None, 'room': None, 'houseKeeperType': None, 'countryAreaId': None, 'tradeAreaId': None, 'tag': None, 'orderBy': [], 'page': 1, 'size': 20, 'isShowOutSide': True}
INFO	2022-02-10 16:16:49,236	[request_handler.py:40]	response: {'code': 0, 'reqId': '907c5e51cd6061e9', 'data': {'page': 1, 'pageSize': 20, 'totalRecords': 1, 'totalPages': 1, 'data': [{'newHouseId': '5ee8c236-5c07-4708-9437-225c891e9b5f', 'newHouseName': '露露新房01', 'tag': None, 'houseKeeperType': 1, 'newHouseAddress': '测试楼盘地址', 'saleAddress': '测试售楼处地址', 'salePrice': None, 'createTime': '2022-01-22', 'rooms': None, 'areaStart': None, 'areaEnd': None, 'updateTime': '2022-01-22', 'isVR': None, 'createId': '323d774d-bb72-4691-9c5e-28d7ab0ea335', 'isOperation': False, 'attentionType': None, 'contractAuditStatus': None, 'contractAuditRemark': None, 'operatingTags': None, 'cooperativeCompanyName': None}]}, 'timestamp': 1644481009216, 'errorMsg': None}
INFO	2022-02-10 16:16:49,236	[request_handler.py:17]	method: POST
INFO	2022-02-10 16:16:49,236	[request_handler.py:18]	url: https://xfuat-gateway.jingrizf.com/webapi/custom/report/save
INFO	2022-02-10 16:16:49,236	[request_handler.py:19]	headers: {'Content-Type': 'application/json', 'Connection': 'keep_alive', 'Authorization': 'Bearer eyJ0eXAiOiJKV1QiLCJhbGciOiJIUzI1NiJ9.eyJzdWIiOiIzMjNENzc0RC1CQjcyLTQ2OTEtOUM1RS0yOEQ3QUIwRUEzMzUiLCJyb2xlIjoiQTAwMSIsInRlc3QiOiJ0cnVlIiwic2NvcGUiOiJCIiwiaXNzIjoiamluZ3JpemYiLCJuYW1lIjoicGlwaTUiLCJyZWdpb24iOiJzeiIsInRzIjoiMTY0NDQ4MTAwNzc2MyJ9.PUSlulEOWe1YkcjXqCEZlNTT972T4mXarbk3sLJtkis'}
INFO	2022-02-10 16:16:49,236	[request_handler.py:21]	json: {'newHouseIdList': ['5ee8c236-5c07-4708-9437-225c891e9b5f'], 'customId': '2d217ac7-4003-47c7-9eed-163aca110aca', 'expectArriveTime': '2022-02-10 13:29', 'remark': '11111'}
INFO	2022-02-10 16:16:49,657	[request_handler.py:40]	response: {'code': 0, 'reqId': '2122235702bec6a1', 'data': '保存成功', 'timestamp': 1644481009540, 'errorMsg': None}
INFO	2022-02-10 16:16:49,658	[request_handler.py:17]	method: POST
INFO	2022-02-10 16:16:49,658	[request_handler.py:18]	url: https://xfuat-gateway.jingrizf.com/webapi/custom/report/page
INFO	2022-02-10 16:16:49,658	[request_handler.py:19]	headers: {'Content-Type': 'application/json', 'Connection': 'keep_alive', 'Authorization': 'Bearer eyJ0eXAiOiJKV1QiLCJhbGciOiJIUzI1NiJ9.eyJzdWIiOiIzMjNENzc0RC1CQjcyLTQ2OTEtOUM1RS0yOEQ3QUIwRUEzMzUiLCJyb2xlIjoiQTAwMSIsInRlc3QiOiJ0cnVlIiwic2NvcGUiOiJCIiwiaXNzIjoiamluZ3JpemYiLCJuYW1lIjoicGlwaTUiLCJyZWdpb24iOiJzeiIsInRzIjoiMTY0NDQ4MTAwNzc2MyJ9.PUSlulEOWe1YkcjXqCEZlNTT972T4mXarbk3sLJtkis'}
INFO	2022-02-10 16:16:49,658	[request_handler.py:21]	json: {'estateName': '露露新房01', 'cooperativeCompanyId': '', 'status': '', 'createTimeStart': '', 'createTimeEnd': '', 'sortItemVOList': [], 'page': 1, 'size': 20}
INFO	2022-02-10 16:16:50,080	[request_handler.py:40]	response: {'code': 0, 'reqId': '1d2108ab70854636', 'data': {'page': 1, 'pageSize': 20, 'totalRecords': 1, 'totalPages': 1, 'data': [{'id': '4f1061c9-8fd4-4977-8757-61fade07fed6', 'remark': '11111', 'estateName': '露露新房01', 'estateAddress': '测试楼盘地址', 'userId': '323d774d-bb72-4691-9c5e-28d7ab0ea335', 'userName': 'pipi5', 'userPhone': '18306189435111', 'customId': '2d217ac7-4003-47c7-9eed-163aca110aca', 'customName': '222222222', 'customPhone': '18306189211,18254214444', 'expectArriveTime': '2022-02-10 13:29', 'newHouseId': '5ee8c236-5c07-4708-9437-225c891e9b5f', 'companyName': None, 'storeName': None, 'groupName': None, 'createTime': '2022-02-10 16:16:49', 'status': 0, 'ableTakeLook': True, 'checkRemark': None, 'reportNum': 'BB2202000087', 'isExcessProtectTime': True, 'isTakeLook': False, 'protectEndTime': None, 'refId': 102, 'cooperativeCompanyName': None}]}, 'timestamp': 1644481010012, 'errorMsg': None}
INFO	2022-02-10 16:16:50,080	[request_handler.py:17]	method: POST
INFO	2022-02-10 16:16:50,080	[request_handler.py:18]	url: https://xfuat-gateway.jingrizf.com/webapi/custom/report/check
INFO	2022-02-10 16:16:50,080	[request_handler.py:19]	headers: {'Content-Type': 'application/json', 'Connection': 'keep_alive', 'Authorization': 'Bearer eyJ0eXAiOiJKV1QiLCJhbGciOiJIUzI1NiJ9.eyJzdWIiOiIzMjNENzc0RC1CQjcyLTQ2OTEtOUM1RS0yOEQ3QUIwRUEzMzUiLCJyb2xlIjoiQTAwMSIsInRlc3QiOiJ0cnVlIiwic2NvcGUiOiJCIiwiaXNzIjoiamluZ3JpemYiLCJuYW1lIjoicGlwaTUiLCJyZWdpb24iOiJzeiIsInRzIjoiMTY0NDQ4MTAwNzc2MyJ9.PUSlulEOWe1YkcjXqCEZlNTT972T4mXarbk3sLJtkis'}
INFO	2022-02-10 16:16:50,080	[request_handler.py:21]	json: {'status': 1, 'id': '4f1061c9-8fd4-4977-8757-61fade07fed6', 'checkRemark': ''}
INFO	2022-02-10 16:16:50,373	[request_handler.py:40]	response: {'code': 0, 'reqId': 'a95c473e15aba5db', 'data': '审核报备', 'timestamp': 1644481010355, 'errorMsg': None}
INFO	2022-02-10 16:16:50,373	[request_handler.py:17]	method: POST
INFO	2022-02-10 16:16:50,373	[request_handler.py:18]	url: https://xfuat-gateway.jingrizf.com/webapi/custom/takelook/save
INFO	2022-02-10 16:16:50,373	[request_handler.py:19]	headers: {'Content-Type': 'application/json', 'Connection': 'keep_alive', 'Authorization': 'Bearer eyJ0eXAiOiJKV1QiLCJhbGciOiJIUzI1NiJ9.eyJzdWIiOiIzMjNENzc0RC1CQjcyLTQ2OTEtOUM1RS0yOEQ3QUIwRUEzMzUiLCJyb2xlIjoiQTAwMSIsInRlc3QiOiJ0cnVlIiwic2NvcGUiOiJCIiwiaXNzIjoiamluZ3JpemYiLCJuYW1lIjoicGlwaTUiLCJyZWdpb24iOiJzeiIsInRzIjoiMTY0NDQ4MTAwNzc2MyJ9.PUSlulEOWe1YkcjXqCEZlNTT972T4mXarbk3sLJtkis'}
INFO	2022-02-10 16:16:50,373	[request_handler.py:21]	json: {'newHouseId': '5ee8c236-5c07-4708-9437-225c891e9b5f', 'takeLookTime': '2022-02-10 13:30', 'customId': '2d217ac7-4003-47c7-9eed-163aca110aca', 'fileList': ['https://static.jingrizf.com/new/file/1644471009917.jpg'], 'reportId': '4f1061c9-8fd4-4977-8757-61fade07fed6', 'remark': ''}
INFO	2022-02-10 16:16:50,782	[request_handler.py:40]	response: {'code': 0, 'reqId': 'a7d5ac06fc777a50', 'data': None, 'timestamp': 1644481010707, 'errorMsg': 'ok'}
INFO	2022-02-10 16:16:50,782	[request_handler.py:17]	method: POST
INFO	2022-02-10 16:16:50,783	[request_handler.py:18]	url: https://xfuat-gateway.jingrizf.com/webapi/custom/takelook/page
INFO	2022-02-10 16:16:50,783	[request_handler.py:19]	headers: {'Content-Type': 'application/json', 'Connection': 'keep_alive', 'Authorization': 'Bearer eyJ0eXAiOiJKV1QiLCJhbGciOiJIUzI1NiJ9.eyJzdWIiOiIzMjNENzc0RC1CQjcyLTQ2OTEtOUM1RS0yOEQ3QUIwRUEzMzUiLCJyb2xlIjoiQTAwMSIsInRlc3QiOiJ0cnVlIiwic2NvcGUiOiJCIiwiaXNzIjoiamluZ3JpemYiLCJuYW1lIjoicGlwaTUiLCJyZWdpb24iOiJzeiIsInRzIjoiMTY0NDQ4MTAwNzc2MyJ9.PUSlulEOWe1YkcjXqCEZlNTT972T4mXarbk3sLJtkis'}
INFO	2022-02-10 16:16:50,783	[request_handler.py:21]	json: {'reportNum': 'BB2202000087', 'cooperativeCompanyId': '', 'status': '', 'takeLookTimeStart': '', 'takeLookTimeEnd': '', 'sortItemVOList': [], 'page': 1, 'size': 20}
INFO	2022-02-10 16:16:51,192	[request_handler.py:40]	response: {'code': 0, 'reqId': '8a4da08bbf3c7928', 'data': {'page': 1, 'pageSize': 20, 'totalRecords': 1, 'totalPages': 1, 'data': [{'id': '48367b23-1492-4e4f-98af-d30c9d0a7a90', 'reportId': '4f1061c9-8fd4-4977-8757-61fade07fed6', 'estateName': '露露新房01', 'estateAddress': '测试楼盘地址', 'userId': '323d774d-bb72-4691-9c5e-28d7ab0ea335', 'userName': 'pipi5', 'userPhone': '18306189435111', 'customId': '2d217ac7-4003-47c7-9eed-163aca110aca', 'customName': '222222222', 'customPhone': '18306189211,18254214444', 'takeLookTime': '2022-02-10 13:30', 'createTime': '2022-02-10 16:16', 'isValid': None, 'status': 0, 'fileList': ['https://static.jingrizf.com/new/file/1644471009917.jpg'], 'newHouseId': '5ee8c236-5c07-4708-9437-225c891e9b5f', 'companyName': None, 'storeName': None, 'reportNum': 'BB2202000087', 'checkRoleCode': 'A240', 'accessCheck': False, 'isExcessProtectTime': True, 'protectEndTime': '2023-02-10 13:30:00', 'ableSubscribe': True, 'checkRemark': None, 'isSubscribe': False, 'refId': 102, 'cooperativeCompanyName': None}]}, 'timestamp': 1644481011076, 'errorMsg': None}
INFO	2022-02-10 16:16:51,193	[request_handler.py:17]	method: POST
INFO	2022-02-10 16:16:51,193	[request_handler.py:18]	url: https://xfuat-gateway.jingrizf.com/webapi/custom/takelook/check
INFO	2022-02-10 16:16:51,193	[request_handler.py:19]	headers: {'Content-Type': 'application/json', 'Connection': 'keep_alive', 'Authorization': 'Bearer eyJ0eXAiOiJKV1QiLCJhbGciOiJIUzI1NiJ9.eyJzdWIiOiIzMjNENzc0RC1CQjcyLTQ2OTEtOUM1RS0yOEQ3QUIwRUEzMzUiLCJyb2xlIjoiQTAwMSIsInRlc3QiOiJ0cnVlIiwic2NvcGUiOiJCIiwiaXNzIjoiamluZ3JpemYiLCJuYW1lIjoicGlwaTUiLCJyZWdpb24iOiJzeiIsInRzIjoiMTY0NDQ4MTAwNzc2MyJ9.PUSlulEOWe1YkcjXqCEZlNTT972T4mXarbk3sLJtkis'}
INFO	2022-02-10 16:16:51,193	[request_handler.py:21]	json: {'status': 1, 'id': '48367b23-1492-4e4f-98af-d30c9d0a7a90', 'checkRemark': ''}
INFO	2022-02-10 16:16:51,600	[request_handler.py:40]	response: {'code': 0, 'reqId': '6a94811d524f18a7', 'data': '带看审核', 'timestamp': 1644481011500, 'errorMsg': None}
INFO	2022-02-10 16:16:51,601	[request_handler.py:17]	method: POST
INFO	2022-02-10 16:16:51,601	[request_handler.py:18]	url: https://xfuat-gateway.jingrizf.com/webapi/custom/subscribe/save
INFO	2022-02-10 16:16:51,601	[request_handler.py:19]	headers: {'Content-Type': 'application/json', 'Connection': 'keep_alive', 'Authorization': 'Bearer eyJ0eXAiOiJKV1QiLCJhbGciOiJIUzI1NiJ9.eyJzdWIiOiIzMjNENzc0RC1CQjcyLTQ2OTEtOUM1RS0yOEQ3QUIwRUEzMzUiLCJyb2xlIjoiQTAwMSIsInRlc3QiOiJ0cnVlIiwic2NvcGUiOiJCIiwiaXNzIjoiamluZ3JpemYiLCJuYW1lIjoicGlwaTUiLCJyZWdpb24iOiJzeiIsInRzIjoiMTY0NDQ4MTAwNzc2MyJ9.PUSlulEOWe1YkcjXqCEZlNTT972T4mXarbk3sLJtkis'}
INFO	2022-02-10 16:16:51,601	[request_handler.py:21]	json: {'block': '1', 'blockCell': '1', 'floor': '1', 'roomNumber': '1001', 'buildingArea': '100', 'money': '1000000', 'subscribeTime': '2022-02-10 13:30', 'takeLookId': '48367b23-1492-4e4f-98af-d30c9d0a7a90', 'reportId': '4f1061c9-8fd4-4977-8757-61fade07fed6', 'attachmentList': [{'type': 0, 'path': 'https://static.jingrizf.com/new/file/1644481008975.jpg'}, {'type': 1, 'path': 'https://static.jingrizf.com/new/file/1644481008975.jpg'}, {'type': 2, 'path': 'https://static.jingrizf.com/new/file/1644481008975.jpg'}]}
INFO	2022-02-10 16:16:52,113	[request_handler.py:40]	response: {'code': 0, 'reqId': '33a87788edc1a75d', 'data': None, 'timestamp': 1644481012001, 'errorMsg': 'ok'}
INFO	2022-02-10 16:16:52,113	[request_handler.py:17]	method: POST
INFO	2022-02-10 16:16:52,114	[request_handler.py:18]	url: https://xfuat-gateway.jingrizf.com/webapi/custom/subscribe/page
INFO	2022-02-10 16:16:52,114	[request_handler.py:19]	headers: {'Content-Type': 'application/json', 'Connection': 'keep_alive', 'Authorization': 'Bearer eyJ0eXAiOiJKV1QiLCJhbGciOiJIUzI1NiJ9.eyJzdWIiOiIzMjNENzc0RC1CQjcyLTQ2OTEtOUM1RS0yOEQ3QUIwRUEzMzUiLCJyb2xlIjoiQTAwMSIsInRlc3QiOiJ0cnVlIiwic2NvcGUiOiJCIiwiaXNzIjoiamluZ3JpemYiLCJuYW1lIjoicGlwaTUiLCJyZWdpb24iOiJzeiIsInRzIjoiMTY0NDQ4MTAwNzc2MyJ9.PUSlulEOWe1YkcjXqCEZlNTT972T4mXarbk3sLJtkis'}
INFO	2022-02-10 16:16:52,114	[request_handler.py:21]	json: {'reportNum': 'BB2202000087', 'cooperativeCompanyId': '', 'status': '', 'subscribeTimeStart': '', 'subscribeTimeEnd': '', 'sortItemVOList': [], 'page': 1, 'size': 20}
INFO	2022-02-10 16:16:52,407	[request_handler.py:40]	response: {'code': 0, 'reqId': '1d2564470f5f0f0d', 'data': {'page': 1, 'pageSize': 20, 'totalRecords': 1, 'totalPages': 1, 'data': [{'id': 'd968da37-03be-417c-8537-871da96233df', 'reportId': '4f1061c9-8fd4-4977-8757-61fade07fed6', 'estateName': '露露新房01', 'takeLookId': '48367b23-1492-4e4f-98af-d30c9d0a7a90', 'estateAddress': '测试楼盘地址', 'userId': '323d774d-bb72-4691-9c5e-28d7ab0ea335', 'userName': 'pipi5', 'userPhone': '18306189435111', 'customId': '2d217ac7-4003-47c7-9eed-163aca110aca', 'customName': '222222222', 'customPhone': '18306189211,18254214444', 'subscribeTime': '2022-02-10 13:30', 'createTime': '2022-02-10 16:16', 'isValid': True, 'attachmentList': [{'path': 'https://static.jingrizf.com/new/file/1644481008975.jpg', 'type': 2}, {'path': 'https://static.jingrizf.com/new/file/1644481008975.jpg', 'type': 1}, {'path': 'https://static.jingrizf.com/new/file/1644481008975.jpg', 'type': 0}], 'otherAttachmentList': [], 'newHouseId': '5ee8c236-5c07-4708-9437-225c891e9b5f', 'companyName': None, 'storeName': None, 'money': 1000000.0, 'companyId': None, 'storeId': None, 'groupId': None, 'status': 0, 'commission': None, 'remark': None, 'checkRemark': None, 'reportNum': 'BB2202000087', 'newHouseIsValid': True, 'checkRoleCode': 'A240', 'accessCheck': True, 'editRoleCode': 'A001', 'accessEdit': True, 'block': '1', 'blockCell': '1', 'floor': '1', 'roomNumber': '1001', 'buildingArea': '100', 'companyIncome': None, 'payment': None, 'dealPrize': None, 'isSign': False, 'refId': 102, 'cooperativeCompanyName': None}]}, 'timestamp': 1644481012391, 'errorMsg': None}
INFO	2022-02-10 16:16:52,408	[request_handler.py:17]	method: POST
INFO	2022-02-10 16:16:52,408	[request_handler.py:18]	url: https://xfuat-gateway.jingrizf.com/webapi/custom/subscribe/check/success
INFO	2022-02-10 16:16:52,408	[request_handler.py:19]	headers: {'Content-Type': 'application/json', 'Connection': 'keep_alive', 'Authorization': 'Bearer eyJ0eXAiOiJKV1QiLCJhbGciOiJIUzI1NiJ9.eyJzdWIiOiIzMjNENzc0RC1CQjcyLTQ2OTEtOUM1RS0yOEQ3QUIwRUEzMzUiLCJyb2xlIjoiQTAwMSIsInRlc3QiOiJ0cnVlIiwic2NvcGUiOiJCIiwiaXNzIjoiamluZ3JpemYiLCJuYW1lIjoicGlwaTUiLCJyZWdpb24iOiJzeiIsInRzIjoiMTY0NDQ4MTAwNzc2MyJ9.PUSlulEOWe1YkcjXqCEZlNTT972T4mXarbk3sLJtkis'}
INFO	2022-02-10 16:16:52,408	[request_handler.py:21]	json: {'block': '1', 'blockCell': '1', 'floor': '1', 'roomNumber': '1001', 'buildingArea': '100', 'money': 1000000, 'subscribeTime': '2022-02-10 13:30', 'remark': None, 'payment': '100000', 'commission': '100000', 'companyIncome': '50000', 'dealPrize': '50000', 'id': 'd968da37-03be-417c-8537-871da96233df', 'takeLookId': '8ddb7b24-b262-47ec-8f20-1376e28b3ded', 'reportId': '55429e85-cffb-40d9-98b7-2c11fa6be568', 'attachmentList': [{'type': 0, 'path': 'https://static.jingrizf.com/new/file/1644481008975.jpg'}, {'type': 1, 'path': 'https://static.jingrizf.com/new/file/1644481008975.jpg'}, {'type': 2, 'path': 'https://static.jingrizf.com/new/file/1644481008975.jpg'}]}
INFO	2022-02-10 16:16:52,831	[request_handler.py:40]	response: {'code': 0, 'reqId': '43245d85f1147c34', 'data': '审核成功', 'timestamp': 1644481012720, 'errorMsg': None}
INFO	2022-02-10 16:16:52,831	[request_handler.py:17]	method: POST
INFO	2022-02-10 16:16:52,832	[request_handler.py:18]	url: https://xfuat-gateway.jingrizf.com/webapi/custom/sign/save
INFO	2022-02-10 16:16:52,832	[request_handler.py:19]	headers: {'Content-Type': 'application/json', 'Connection': 'keep_alive', 'Authorization': 'Bearer eyJ0eXAiOiJKV1QiLCJhbGciOiJIUzI1NiJ9.eyJzdWIiOiIzMjNENzc0RC1CQjcyLTQ2OTEtOUM1RS0yOEQ3QUIwRUEzMzUiLCJyb2xlIjoiQTAwMSIsInRlc3QiOiJ0cnVlIiwic2NvcGUiOiJCIiwiaXNzIjoiamluZ3JpemYiLCJuYW1lIjoicGlwaTUiLCJyZWdpb24iOiJzeiIsInRzIjoiMTY0NDQ4MTAwNzc2MyJ9.PUSlulEOWe1YkcjXqCEZlNTT972T4mXarbk3sLJtkis'}
INFO	2022-02-10 16:16:52,832	[request_handler.py:21]	json: {'area': '100', 'signAmount': '1000000', 'payment': 100000, 'commission': 100000, 'companyIncome': 50000, 'dealPrize': 50000, 'signDetailList': [{'fileList': [], 'signTime': '2022-02-10', 'type': 1}], 'customId': '2d217ac7-4003-47c7-9eed-163aca110aca', 'newHouseId': '5ee8c236-5c07-4708-9437-225c891e9b5f', 'reportId': '4f1061c9-8fd4-4977-8757-61fade07fed6', 'subscribeId': 'd968da37-03be-417c-8537-871da96233df'}
INFO	2022-02-10 16:16:54,777	[request_handler.py:40]	response: {'code': 0, 'reqId': 'd16b14d17686e380', 'data': '保存成功', 'timestamp': 1644481014711, 'errorMsg': None}
INFO	2022-02-10 16:16:54,777	[request_handler.py:17]	method: POST
INFO	2022-02-10 16:16:54,777	[request_handler.py:18]	url: https://xfuat-gateway.jingrizf.com/webapi/custom/sign/page
INFO	2022-02-10 16:16:54,777	[request_handler.py:19]	headers: {'Content-Type': 'application/json', 'Connection': 'keep_alive', 'Authorization': 'Bearer eyJ0eXAiOiJKV1QiLCJhbGciOiJIUzI1NiJ9.eyJzdWIiOiIzMjNENzc0RC1CQjcyLTQ2OTEtOUM1RS0yOEQ3QUIwRUEzMzUiLCJyb2xlIjoiQTAwMSIsInRlc3QiOiJ0cnVlIiwic2NvcGUiOiJCIiwiaXNzIjoiamluZ3JpemYiLCJuYW1lIjoicGlwaTUiLCJyZWdpb24iOiJzeiIsInRzIjoiMTY0NDQ4MTAwNzc2MyJ9.PUSlulEOWe1YkcjXqCEZlNTT972T4mXarbk3sLJtkis'}
INFO	2022-02-10 16:16:54,778	[request_handler.py:21]	json: {'reportNum': 'BB2202000087', 'cooperativeCompanyId': '', 'status': '', 'signTimeStart': '', 'signTimeEnd': '', 'sortItemVOList': [], 'page': 1, 'size': 20}
INFO	2022-02-10 16:16:55,035	[request_handler.py:40]	response: {'code': 0, 'reqId': '2184ab7a43727bac', 'data': {'page': 1, 'pageSize': 20, 'totalRecords': 1, 'totalPages': 1, 'data': [{'id': '7eb430d9-9b23-47bc-ad65-2b0188834492', 'estateName': '露露新房01', 'newHouseId': '5ee8c236-5c07-4708-9437-225c891e9b5f', 'estateAddress': '测试楼盘地址', 'companyName': None, 'storeName': None, 'reportId': '4f1061c9-8fd4-4977-8757-61fade07fed6', 'reportNum': 'BB2202000087', 'userId': '323d774d-bb72-4691-9c5e-28d7ab0ea335', 'userName': 'pipi5', 'userPhone': '18306189435111', 'customId': '2d217ac7-4003-47c7-9eed-163aca110aca', 'customName': '222222222', 'customPhone': '18306189211,18254214444', 'createTime': '2022-02-10 16:16', 'commission': 100000.0, 'companyIncome': 50000.0, 'block': '1', 'blockCell': '1', 'floor': '1', 'roomNumber': '1001', 'isSell': False, 'status': 0, 'checkRemark': None, 'subscribeRemark': None, 'refId': 102, 'cooperativeCompanyName': None}]}, 'timestamp': 1644481015018, 'errorMsg': None}
INFO	2022-02-10 16:16:55,036	[request_handler.py:17]	method: POST
INFO	2022-02-10 16:16:55,036	[request_handler.py:18]	url: https://xfuat-gateway.jingrizf.com/webapi/custom/sign/check
INFO	2022-02-10 16:16:55,036	[request_handler.py:19]	headers: {'Content-Type': 'application/json', 'Connection': 'keep_alive', 'Authorization': 'Bearer eyJ0eXAiOiJKV1QiLCJhbGciOiJIUzI1NiJ9.eyJzdWIiOiIzMjNENzc0RC1CQjcyLTQ2OTEtOUM1RS0yOEQ3QUIwRUEzMzUiLCJyb2xlIjoiQTAwMSIsInRlc3QiOiJ0cnVlIiwic2NvcGUiOiJCIiwiaXNzIjoiamluZ3JpemYiLCJuYW1lIjoicGlwaTUiLCJyZWdpb24iOiJzeiIsInRzIjoiMTY0NDQ4MTAwNzc2MyJ9.PUSlulEOWe1YkcjXqCEZlNTT972T4mXarbk3sLJtkis'}
INFO	2022-02-10 16:16:55,036	[request_handler.py:21]	json: {'status': 1, 'id': '7eb430d9-9b23-47bc-ad65-2b0188834492', 'checkRemark': ''}
INFO	2022-02-10 16:16:55,333	[request_handler.py:40]	response: {'code': 0, 'reqId': 'a2e28bd07e59f6fa', 'data': '审核草网签', 'timestamp': 1644481015319, 'errorMsg': None}
INFO	2022-02-10 16:16:55,334	[request_handler.py:17]	method: POST
INFO	2022-02-10 16:16:55,334	[request_handler.py:18]	url: https://xfuat-gateway.jingrizf.com/webapi/custom/sell/save
INFO	2022-02-10 16:16:55,334	[request_handler.py:19]	headers: {'Content-Type': 'application/json', 'Connection': 'keep_alive', 'Authorization': 'Bearer eyJ0eXAiOiJKV1QiLCJhbGciOiJIUzI1NiJ9.eyJzdWIiOiIzMjNENzc0RC1CQjcyLTQ2OTEtOUM1RS0yOEQ3QUIwRUEzMzUiLCJyb2xlIjoiQTAwMSIsInRlc3QiOiJ0cnVlIiwic2NvcGUiOiJCIiwiaXNzIjoiamluZ3JpemYiLCJuYW1lIjoicGlwaTUiLCJyZWdpb24iOiJzeiIsInRzIjoiMTY0NDQ4MTAwNzc2MyJ9.PUSlulEOWe1YkcjXqCEZlNTT972T4mXarbk3sLJtkis'}
INFO	2022-02-10 16:16:55,335	[request_handler.py:21]	json: {'customId': '2d217ac7-4003-47c7-9eed-163aca110aca', 'reportId': '4f1061c9-8fd4-4977-8757-61fade07fed6', 'signId': '7eb430d9-9b23-47bc-ad65-2b0188834492', 'newHouseId': '5ee8c236-5c07-4708-9437-225c891e9b5f', 'fileList': ['https://static.jingrizf.com/new/file/1644471140357.jpg']}
INFO	2022-02-10 16:16:56,107	[request_handler.py:40]	response: {'code': 0, 'reqId': 'cf78e8f291f16ae5', 'data': '保存成功', 'timestamp': 1644481016020, 'errorMsg': None}
INFO	2022-02-10 16:16:56,107	[request_handler.py:17]	method: POST
INFO	2022-02-10 16:16:56,107	[request_handler.py:18]	url: https://xfuat-gateway.jingrizf.com/webapi/custom/sell/page
INFO	2022-02-10 16:16:56,107	[request_handler.py:19]	headers: {'Content-Type': 'application/json', 'Connection': 'keep_alive', 'Authorization': 'Bearer eyJ0eXAiOiJKV1QiLCJhbGciOiJIUzI1NiJ9.eyJzdWIiOiIzMjNENzc0RC1CQjcyLTQ2OTEtOUM1RS0yOEQ3QUIwRUEzMzUiLCJyb2xlIjoiQTAwMSIsInRlc3QiOiJ0cnVlIiwic2NvcGUiOiJCIiwiaXNzIjoiamluZ3JpemYiLCJuYW1lIjoicGlwaTUiLCJyZWdpb24iOiJzeiIsInRzIjoiMTY0NDQ4MTAwNzc2MyJ9.PUSlulEOWe1YkcjXqCEZlNTT972T4mXarbk3sLJtkis'}
INFO	2022-02-10 16:16:56,107	[request_handler.py:21]	json: {'reportNum': 'BB2202000087', 'cooperativeCompanyId': '', 'status': '', 'signTimeStart': '', 'signTimeEnd': '', 'sortItemVOList': [], 'page': 1, 'size': 20}
INFO	2022-02-10 16:16:56,372	[request_handler.py:40]	response: {'code': 0, 'reqId': 'f32822adf775dd08', 'data': {'page': 1, 'pageSize': 20, 'totalRecords': 1, 'totalPages': 1, 'data': [{'id': 'ceca078e-3c72-417a-a9b8-4c8d7fd1a61f', 'signId': '7eb430d9-9b23-47bc-ad65-2b0188834492', 'reportId': '4f1061c9-8fd4-4977-8757-61fade07fed6', 'reportNum': 'BB2202000087', 'newHouseId': '5ee8c236-5c07-4708-9437-225c891e9b5f', 'estateName': '露露新房01', 'estateAddress': '测试楼盘地址', 'companyName': None, 'storeName': None, 'userId': '5ee8c236-5c07-4708-9437-225c891e9b5f', 'userName': 'pipi5', 'userPhone': '18306189435111', 'customId': '2d217ac7-4003-47c7-9eed-163aca110aca', 'customName': '222222222', 'customPhone': '18306189211,18254214444', 'createTime': '2022-02-10 16:16', 'signType': '草签', 'status': 0, 'checkRemark': None, 'isSell': None, 'refId': 102, 'cooperativeCompanyName': None}]}, 'timestamp': 1644481016355, 'errorMsg': None}
INFO	2022-02-10 16:16:56,372	[request_handler.py:17]	method: POST
INFO	2022-02-10 16:16:56,372	[request_handler.py:18]	url: https://xfuat-gateway.jingrizf.com/webapi/custom/sell/check
INFO	2022-02-10 16:16:56,372	[request_handler.py:19]	headers: {'Content-Type': 'application/json', 'Connection': 'keep_alive', 'Authorization': 'Bearer eyJ0eXAiOiJKV1QiLCJhbGciOiJIUzI1NiJ9.eyJzdWIiOiIzMjNENzc0RC1CQjcyLTQ2OTEtOUM1RS0yOEQ3QUIwRUEzMzUiLCJyb2xlIjoiQTAwMSIsInRlc3QiOiJ0cnVlIiwic2NvcGUiOiJCIiwiaXNzIjoiamluZ3JpemYiLCJuYW1lIjoicGlwaTUiLCJyZWdpb24iOiJzeiIsInRzIjoiMTY0NDQ4MTAwNzc2MyJ9.PUSlulEOWe1YkcjXqCEZlNTT972T4mXarbk3sLJtkis'}
INFO	2022-02-10 16:16:56,372	[request_handler.py:21]	json: {'status': 1, 'id': 'ceca078e-3c72-417a-a9b8-4c8d7fd1a61f', 'checkRemark': ''}
INFO	2022-02-10 16:16:56,825	[request_handler.py:40]	response: {'code': 0, 'reqId': '3ec768367df331ab', 'data': '审核成销', 'timestamp': 1644481016692, 'errorMsg': None}
INFO	2022-02-10 16:16:56,825	[test_add_workflow.py:67]	新房作业流程结束
