INFO	2022-01-19 13:53:22,378	[webpage.py:85]	元素('id', 'account')输入文本：127csxf5
INFO	2022-01-19 13:53:23,167	[webpage.py:85]	元素('id', 'password')输入文本：Aa123456
INFO	2022-01-19 13:53:23,816	[webpage.py:122]	点击元素：('css', '.ant-btn.ant-btn-text.button')
INFO	2022-01-19 13:53:25,626	[loginpage.py:94]	需要滑动的距离为：91
INFO	2022-01-19 13:53:25,626	[loginpage.py:95]	需要滑动的距离为：[6, 5, 7, 8, 10, 11, 15, 14, 3, 2, 5, 5]
INFO	2022-01-19 13:53:32,692	[webpage.py:132]	获取元素('css', '.ant-btn.ant-btn-text.button')文本：验证成功
INFO	2022-01-19 13:53:32,692	[webpage.py:122]	点击元素：('css', '.ant-btn.ant-btn-primary.lgbutton')
INFO	2022-01-19 13:53:33,771	[webpage.py:122]	点击元素：('xpath', "//div[@class='ant-menu-submenu-title']//span[text()='新房管理']/parent::div")
INFO	2022-01-19 13:53:36,340	[webpage.py:122]	点击元素：('xpath', "//li[contains(@class,'ant-menu-item')]//a[@href='/newHouse/estateManage']/ancestor::li[@title='楼盘管理']")
INFO	2022-01-19 13:53:37,449	[webpage.py:122]	点击元素：('class', 'addBtn')
INFO	2022-01-19 13:53:38,756	[webpage.py:85]	元素('xpath', "//form[@class='ant-form ant-form-horizontal']//textarea[@id='newHouseName']")输入文本：露露新房
INFO	2022-01-19 13:53:39,932	[webpage.py:85]	元素('xpath', "//form[@class='ant-form ant-form-horizontal']//textarea[@id='developers']")输入文本：露露开发商
INFO	2022-01-19 13:53:41,032	[webpage.py:122]	点击元素：('xpath', "//div[@class='ant-select-selector']//input[@id='status']")
INFO	2022-01-19 13:53:42,153	[webpage.py:122]	点击元素：('xpath', "//div[@style='' or not(@style)]//div[@class='rc-virtual-list']//div[contains(@class,'ant-select-item ant-select-item-option') and @title='在售'] ")
INFO	2022-01-19 13:53:42,741	[webpage.py:85]	元素('xpath', "//form[@class='ant-form ant-form-horizontal']//input[@id='salePrice']")输入文本：20000
INFO	2022-01-19 13:53:43,929	[webpage.py:96]	元素('xpath', "//form[@class='ant-form ant-form-horizontal']//input[@id='startSaleTime']")输入文本：2022-01-01
INFO	2022-01-19 13:53:45,289	[webpage.py:96]	元素('xpath', "//form[@class='ant-form ant-form-horizontal']//input[@id='makingRoomTime']")输入文本：2023-01-01
INFO	2022-01-19 13:53:46,540	[webpage.py:122]	点击元素：('xpath', "//form[@class='ant-form ant-form-horizontal']//input[@id='houseKeeperType']")
INFO	2022-01-19 13:53:47,737	[webpage.py:122]	点击元素：('xpath', "//div[@style='' or not(@style)]//div[@class='rc-virtual-list']//div[contains(@class,'ant-select-item ant-select-item-option') and @title='住宅'] ")
INFO	2022-01-19 13:53:48,321	[webpage.py:122]	点击元素：('xpath', "//div[@class='ant-select-selector']//input[@id='cityAreaId']")
INFO	2022-01-19 13:53:49,444	[webpage.py:122]	点击元素：('xpath', "//div[@style='' or not(@style)]//div[@class='rc-virtual-list']//div[contains(@class,'ant-select-item ant-select-item-option') and @title='苏州市'] ")
INFO	2022-01-19 13:53:50,055	[webpage.py:122]	点击元素：('xpath', "//div[@class='ant-select-selector']//input[@id='countryAreaId']")
INFO	2022-01-19 13:53:51,200	[webpage.py:122]	点击元素：('xpath', "//div[@style='' or not(@style)]//div[@class='rc-virtual-list']//div[contains(@class,'ant-select-item ant-select-item-option') and @title='吴中区'] ")
INFO	2022-01-19 13:53:51,803	[webpage.py:122]	点击元素：('xpath', "//div[@class='ant-select-selector']//input[@id='tradeAreaId']")
INFO	2022-01-19 13:53:52,969	[webpage.py:122]	点击元素：('xpath', "//div[@style='' or not(@style)]//div[@class='rc-virtual-list']//div[contains(@class,'ant-select-item ant-select-item-option') and @title='郭巷'] ")
WARNING	2022-01-19 13:53:54,886	[connectionpool.py:780]	Retrying (Retry(total=2, connect=None, read=None, redirect=None, status=None)) after connection broken by 'NewConnectionError('<urllib3.connection.HTTPConnection object at 0x114a547c0>: Failed to establish a new connection: [Errno 61] Connection refused')': /session/ea209c2d85f8f918aa2d4cd819c46708
WARNING	2022-01-19 13:53:54,889	[connectionpool.py:780]	Retrying (Retry(total=1, connect=None, read=None, redirect=None, status=None)) after connection broken by 'NewConnectionError('<urllib3.connection.HTTPConnection object at 0x114a54580>: Failed to establish a new connection: [Errno 61] Connection refused')': /session/ea209c2d85f8f918aa2d4cd819c46708
WARNING	2022-01-19 13:53:54,891	[connectionpool.py:780]	Retrying (Retry(total=0, connect=None, read=None, redirect=None, status=None)) after connection broken by 'NewConnectionError('<urllib3.connection.HTTPConnection object at 0x114c226d0>: Failed to establish a new connection: [Errno 61] Connection refused')': /session/ea209c2d85f8f918aa2d4cd819c46708
WARNING	2022-01-19 13:53:54,914	[connectionpool.py:780]	Retrying (Retry(total=2, connect=None, read=None, redirect=None, status=None)) after connection broken by 'NewConnectionError('<urllib3.connection.HTTPConnection object at 0x11454d100>: Failed to establish a new connection: [Errno 61] Connection refused')': /session/e4fe44b0384ca944825e5e4576dc56ec
WARNING	2022-01-19 13:53:54,916	[connectionpool.py:780]	Retrying (Retry(total=1, connect=None, read=None, redirect=None, status=None)) after connection broken by 'NewConnectionError('<urllib3.connection.HTTPConnection object at 0x114a4e460>: Failed to establish a new connection: [Errno 61] Connection refused')': /session/e4fe44b0384ca944825e5e4576dc56ec
WARNING	2022-01-19 13:53:54,919	[connectionpool.py:780]	Retrying (Retry(total=0, connect=None, read=None, redirect=None, status=None)) after connection broken by 'NewConnectionError('<urllib3.connection.HTTPConnection object at 0x114a54df0>: Failed to establish a new connection: [Errno 61] Connection refused')': /session/e4fe44b0384ca944825e5e4576dc56ec
